2019-11-13T10:09:45.097Z [32minfo[39m: API server listening on port 3000
2019-11-13T10:09:45.099Z [32minfo[39m: Press CTRL+C to stop server
2019-11-13T10:30:49.055Z [32minfo[39m: reporting/list
2019-11-13T10:35:27.754Z [32minfo[39m: reporting/list
2019-11-13T10:36:20.967Z [32minfo[39m: reporting/list
2019-11-13T10:36:53.680Z [32minfo[39m: reporting/list
2019-11-13T10:37:06.931Z [32minfo[39m: reporting/list
2019-11-13T12:19:55.970Z [32minfo[39m: API server listening on port 3000
2019-11-13T12:19:55.974Z [32minfo[39m: Press CTRL+C to stop server
2019-11-13T12:20:17.851Z [32minfo[39m: API server listening on port 3000
2019-11-13T12:20:17.853Z [32minfo[39m: Press CTRL+C to stop server
2019-11-13T12:20:26.862Z [31merror[39m: url=/reporting/tasks/list, status=500, error=Missing required parameter: body, stack=ConfigurationError: Missing required parameter: body
    at securityHasPrivileges (/usr/src/app/node_modules/@elastic/elasticsearch/api/api/security.has_privileges.js:40:19)
    at Object._lazyLoad [as hasPrivileges] (/usr/src/app/node_modules/@elastic/elasticsearch/api/index.js:573:12)
    at exports.list (/usr/src/app/lib/controllers/reporting/reporting.js:53:49)
    at dispatch (/usr/src/app/node_modules/koa-router/node_modules/koa-compose/index.js:44:32)
    at next (/usr/src/app/node_modules/koa-router/node_modules/koa-compose/index.js:45:18)
    at validator (/usr/src/app/node_modules/koa-joi-router/joi-router.js:407:38)
    at dispatch (/usr/src/app/node_modules/koa-router/node_modules/koa-compose/index.js:44:32)
    at next (/usr/src/app/node_modules/koa-router/node_modules/koa-compose/index.js:45:18)
    at noopMiddleware (/usr/src/app/node_modules/koa-joi-router/joi-router.js:267:16)
    at dispatch (/usr/src/app/node_modules/koa-router/node_modules/koa-compose/index.js:44:32)
2019-11-13T12:20:29.532Z [31merror[39m: url=/reporting/tasks, status=500, error=Missing required parameter: body, stack=ConfigurationError: Missing required parameter: body
    at securityHasPrivileges (/usr/src/app/node_modules/@elastic/elasticsearch/api/api/security.has_privileges.js:40:19)
    at Object._lazyLoad [as hasPrivileges] (/usr/src/app/node_modules/@elastic/elasticsearch/api/index.js:573:12)
    at exports.list (/usr/src/app/lib/controllers/reporting/reporting.js:53:49)
    at dispatch (/usr/src/app/node_modules/koa-router/node_modules/koa-compose/index.js:44:32)
    at next (/usr/src/app/node_modules/koa-router/node_modules/koa-compose/index.js:45:18)
    at validator (/usr/src/app/node_modules/koa-joi-router/joi-router.js:407:38)
    at dispatch (/usr/src/app/node_modules/koa-router/node_modules/koa-compose/index.js:44:32)
    at next (/usr/src/app/node_modules/koa-router/node_modules/koa-compose/index.js:45:18)
    at noopMiddleware (/usr/src/app/node_modules/koa-joi-router/joi-router.js:267:16)
    at dispatch (/usr/src/app/node_modules/koa-router/node_modules/koa-compose/index.js:44:32)
2019-11-13T12:20:41.698Z [32minfo[39m: API server listening on port 3000
2019-11-13T12:20:41.700Z [32minfo[39m: Press CTRL+C to stop server
2019-11-13T12:20:42.008Z [31merror[39m: url=/reporting/tasks, status=500, error=Missing required parameter: body, stack=ConfigurationError: Missing required parameter: body
    at securityHasPrivileges (/usr/src/app/node_modules/@elastic/elasticsearch/api/api/security.has_privileges.js:40:19)
    at Object._lazyLoad [as hasPrivileges] (/usr/src/app/node_modules/@elastic/elasticsearch/api/index.js:573:12)
    at exports.list (/usr/src/app/lib/controllers/reporting/reporting.js:53:39)
    at dispatch (/usr/src/app/node_modules/koa-router/node_modules/koa-compose/index.js:44:32)
    at next (/usr/src/app/node_modules/koa-router/node_modules/koa-compose/index.js:45:18)
    at validator (/usr/src/app/node_modules/koa-joi-router/joi-router.js:407:38)
    at dispatch (/usr/src/app/node_modules/koa-router/node_modules/koa-compose/index.js:44:32)
    at next (/usr/src/app/node_modules/koa-router/node_modules/koa-compose/index.js:45:18)
    at noopMiddleware (/usr/src/app/node_modules/koa-joi-router/joi-router.js:267:16)
    at dispatch (/usr/src/app/node_modules/koa-router/node_modules/koa-compose/index.js:44:32)
2019-11-13T12:20:45.469Z [31merror[39m: url=/reporting/tasks/list, status=500, error=Missing required parameter: body, stack=ConfigurationError: Missing required parameter: body
    at securityHasPrivileges (/usr/src/app/node_modules/@elastic/elasticsearch/api/api/security.has_privileges.js:40:19)
    at Object._lazyLoad [as hasPrivileges] (/usr/src/app/node_modules/@elastic/elasticsearch/api/index.js:573:12)
    at exports.list (/usr/src/app/lib/controllers/reporting/reporting.js:53:39)
    at dispatch (/usr/src/app/node_modules/koa-router/node_modules/koa-compose/index.js:44:32)
    at next (/usr/src/app/node_modules/koa-router/node_modules/koa-compose/index.js:45:18)
    at validator (/usr/src/app/node_modules/koa-joi-router/joi-router.js:407:38)
    at dispatch (/usr/src/app/node_modules/koa-router/node_modules/koa-compose/index.js:44:32)
    at next (/usr/src/app/node_modules/koa-router/node_modules/koa-compose/index.js:45:18)
    at noopMiddleware (/usr/src/app/node_modules/koa-joi-router/joi-router.js:267:16)
    at dispatch (/usr/src/app/node_modules/koa-router/node_modules/koa-compose/index.js:44:32)
2019-11-13T12:21:41.732Z [31merror[39m: url=/reporting/tasks, status=500, error=Missing required parameter: body, stack=ConfigurationError: Missing required parameter: body
    at securityHasPrivileges (/usr/src/app/node_modules/@elastic/elasticsearch/api/api/security.has_privileges.js:40:19)
    at Object._lazyLoad [as hasPrivileges] (/usr/src/app/node_modules/@elastic/elasticsearch/api/index.js:573:12)
    at exports.list (/usr/src/app/lib/controllers/reporting/reporting.js:53:39)
    at dispatch (/usr/src/app/node_modules/koa-router/node_modules/koa-compose/index.js:44:32)
    at next (/usr/src/app/node_modules/koa-router/node_modules/koa-compose/index.js:45:18)
    at validator (/usr/src/app/node_modules/koa-joi-router/joi-router.js:407:38)
    at dispatch (/usr/src/app/node_modules/koa-router/node_modules/koa-compose/index.js:44:32)
    at next (/usr/src/app/node_modules/koa-router/node_modules/koa-compose/index.js:45:18)
    at noopMiddleware (/usr/src/app/node_modules/koa-joi-router/joi-router.js:267:16)
    at dispatch (/usr/src/app/node_modules/koa-router/node_modules/koa-compose/index.js:44:32)
2019-11-13T12:22:01.441Z [32minfo[39m: API server listening on port 3000
2019-11-13T12:22:01.443Z [32minfo[39m: Press CTRL+C to stop server
2019-11-13T12:22:01.761Z [31merror[39m: url=/reporting/tasks, status=500, error=parse_exception, stack=ResponseError: parse_exception
    at IncomingMessage.response.on (/usr/src/app/node_modules/@elastic/elasticsearch/lib/Transport.js:287:25)
    at IncomingMessage.emit (events.js:203:15)
    at endReadableNT (_stream_readable.js:1145:12)
    at process._tickCallback (internal/process/next_tick.js:63:19)
2019-11-13T12:22:02.931Z [31merror[39m: url=/reporting/tasks, status=500, error=parse_exception, stack=ResponseError: parse_exception
    at IncomingMessage.response.on (/usr/src/app/node_modules/@elastic/elasticsearch/lib/Transport.js:287:25)
    at IncomingMessage.emit (events.js:203:15)
    at endReadableNT (_stream_readable.js:1145:12)
    at process._tickCallback (internal/process/next_tick.js:63:19)
2019-11-13T12:23:08.208Z [32minfo[39m: API server listening on port 3000
2019-11-13T12:23:08.210Z [32minfo[39m: Press CTRL+C to stop server
2019-11-13T12:23:08.342Z [31merror[39m: url=/reporting/tasks, status=500, error=parse_exception, stack=ResponseError: parse_exception
    at IncomingMessage.response.on (/usr/src/app/node_modules/@elastic/elasticsearch/lib/Transport.js:287:25)
    at IncomingMessage.emit (events.js:203:15)
    at endReadableNT (_stream_readable.js:1145:12)
    at process._tickCallback (internal/process/next_tick.js:63:19)
2019-11-13T12:23:16.730Z [32minfo[39m: API server listening on port 3000
2019-11-13T12:23:16.732Z [32minfo[39m: Press CTRL+C to stop server
2019-11-13T12:23:17.806Z [31merror[39m: url=/reporting/tasks, status=500, error=parse_exception, stack=ResponseError: parse_exception
    at IncomingMessage.response.on (/usr/src/app/node_modules/@elastic/elasticsearch/lib/Transport.js:287:25)
    at IncomingMessage.emit (events.js:203:15)
    at endReadableNT (_stream_readable.js:1145:12)
    at process._tickCallback (internal/process/next_tick.js:63:19)
2019-11-13T12:23:19.167Z [31merror[39m: url=/reporting/tasks, status=500, error=parse_exception, stack=ResponseError: parse_exception
    at IncomingMessage.response.on (/usr/src/app/node_modules/@elastic/elasticsearch/lib/Transport.js:287:25)
    at IncomingMessage.emit (events.js:203:15)
    at endReadableNT (_stream_readable.js:1145:12)
    at process._tickCallback (internal/process/next_tick.js:63:19)
2019-11-13T12:23:23.872Z [32minfo[39m: API server listening on port 3000
2019-11-13T12:23:23.874Z [32minfo[39m: Press CTRL+C to stop server
2019-11-13T12:23:30.768Z [32minfo[39m: API server listening on port 3000
2019-11-13T12:23:30.770Z [32minfo[39m: Press CTRL+C to stop server
2019-11-13T12:24:27.340Z [32minfo[39m: API server listening on port 3000
2019-11-13T12:24:27.342Z [32minfo[39m: Press CTRL+C to stop server
2019-11-13T12:24:34.005Z [32minfo[39m: API server listening on port 3000
2019-11-13T12:24:34.007Z [32minfo[39m: Press CTRL+C to stop server
2019-11-13T12:25:00.831Z [32minfo[39m: API server listening on port 3000
2019-11-13T12:25:00.833Z [32minfo[39m: Press CTRL+C to stop server
2019-11-13T12:25:33.111Z [32minfo[39m: API server listening on port 3000
2019-11-13T12:25:33.113Z [32minfo[39m: Press CTRL+C to stop server
2019-11-13T12:25:35.067Z [31merror[39m: url=/reporting/tasks/aa, status=500, error=illegal_argument_exception, stack=ResponseError: illegal_argument_exception
    at IncomingMessage.response.on (/usr/src/app/node_modules/@elastic/elasticsearch/lib/Transport.js:287:25)
    at IncomingMessage.emit (events.js:203:15)
    at endReadableNT (_stream_readable.js:1145:12)
    at process._tickCallback (internal/process/next_tick.js:63:19)
2019-11-13T12:25:42.461Z [32minfo[39m: API server listening on port 3000
2019-11-13T12:25:42.463Z [32minfo[39m: Press CTRL+C to stop server
2019-11-13T12:25:44.624Z [31merror[39m: url=/reporting/aa, status=500, error=illegal_argument_exception, stack=ResponseError: illegal_argument_exception
    at IncomingMessage.response.on (/usr/src/app/node_modules/@elastic/elasticsearch/lib/Transport.js:287:25)
    at IncomingMessage.emit (events.js:203:15)
    at endReadableNT (_stream_readable.js:1145:12)
    at process._tickCallback (internal/process/next_tick.js:63:19)
2019-11-13T12:25:53.026Z [32minfo[39m: API server listening on port 3000
2019-11-13T12:25:53.029Z [32minfo[39m: Press CTRL+C to stop server
2019-11-13T12:25:54.017Z [31merror[39m: url=/reporting/aa, status=500, error=illegal_argument_exception, stack=ResponseError: illegal_argument_exception
    at IncomingMessage.response.on (/usr/src/app/node_modules/@elastic/elasticsearch/lib/Transport.js:287:25)
    at IncomingMessage.emit (events.js:203:15)
    at endReadableNT (_stream_readable.js:1145:12)
    at process._tickCallback (internal/process/next_tick.js:63:19)
2019-11-13T12:25:55.521Z [31merror[39m: url=/reporting/aa, status=500, error=illegal_argument_exception, stack=ResponseError: illegal_argument_exception
    at IncomingMessage.response.on (/usr/src/app/node_modules/@elastic/elasticsearch/lib/Transport.js:287:25)
    at IncomingMessage.emit (events.js:203:15)
    at endReadableNT (_stream_readable.js:1145:12)
    at process._tickCallback (internal/process/next_tick.js:63:19)
2019-11-13T12:26:32.005Z [32minfo[39m: API server listening on port 3000
2019-11-13T12:26:32.007Z [32minfo[39m: Press CTRL+C to stop server
2019-11-13T12:26:47.870Z [32minfo[39m: API server listening on port 3000
2019-11-13T12:26:47.872Z [32minfo[39m: Press CTRL+C to stop server
2019-11-13T12:27:03.373Z [32minfo[39m: API server listening on port 3000
2019-11-13T12:27:03.375Z [32minfo[39m: Press CTRL+C to stop server
2019-11-13T12:27:14.795Z [32minfo[39m: API server listening on port 3000
2019-11-13T12:27:14.797Z [32minfo[39m: Press CTRL+C to stop server
2019-11-13T12:29:11.362Z [32minfo[39m: reporting/list
2019-11-13T12:34:59.867Z [32minfo[39m: reporting/list
2019-11-13T12:47:29.336Z [32minfo[39m: reporting/list
2019-11-13T12:52:45.880Z [32minfo[39m: reporting/list
2019-11-13T12:52:53.582Z [32minfo[39m: reporting/list
2019-11-13T12:53:40.021Z [32minfo[39m: API server listening on port 3000
2019-11-13T12:53:40.022Z [32minfo[39m: Press CTRL+C to stop server
2019-11-13T12:53:56.852Z [32minfo[39m: API server listening on port 3000
2019-11-13T12:53:56.855Z [32minfo[39m: Press CTRL+C to stop server
2019-11-13T12:54:09.400Z [32minfo[39m: API server listening on port 3000
2019-11-13T12:54:09.402Z [32minfo[39m: Press CTRL+C to stop server
2019-11-13T12:54:14.460Z [32minfo[39m: reporting/list
2019-11-13T12:54:26.660Z [32minfo[39m: API server listening on port 3000
2019-11-13T12:54:26.662Z [32minfo[39m: Press CTRL+C to stop server
2019-11-13T12:55:47.715Z [32minfo[39m: API server listening on port 3000
2019-11-13T12:55:47.717Z [32minfo[39m: Press CTRL+C to stop server
2019-11-13T12:56:10.364Z [32minfo[39m: API server listening on port 3000
2019-11-13T12:56:10.366Z [32minfo[39m: Press CTRL+C to stop server
2019-11-13T12:56:15.116Z [32minfo[39m: reporting/list
2019-11-13T12:56:23.763Z [32minfo[39m: API server listening on port 3000
2019-11-13T12:56:23.765Z [32minfo[39m: Press CTRL+C to stop server
2019-11-13T12:56:41.692Z [32minfo[39m: API server listening on port 3000
2019-11-13T12:56:41.694Z [32minfo[39m: Press CTRL+C to stop server
2019-11-13T12:57:01.096Z [32minfo[39m: API server listening on port 3000
2019-11-13T12:57:01.098Z [32minfo[39m: Press CTRL+C to stop server
2019-11-13T12:57:32.898Z [32minfo[39m: API server listening on port 3000
2019-11-13T12:57:32.900Z [32minfo[39m: Press CTRL+C to stop server
2019-11-13T12:57:39.715Z [32minfo[39m: reporting/list
2019-11-13T12:58:16.375Z [32minfo[39m: API server listening on port 3000
2019-11-13T12:58:16.377Z [32minfo[39m: Press CTRL+C to stop server
2019-11-13T12:58:26.412Z [32minfo[39m: API server listening on port 3000
2019-11-13T12:58:26.414Z [32minfo[39m: Press CTRL+C to stop server
2019-11-13T12:58:35.986Z [32minfo[39m: API server listening on port 3000
2019-11-13T12:58:35.988Z [32minfo[39m: Press CTRL+C to stop server
2019-11-13T12:58:37.360Z [32minfo[39m: API server listening on port 3000
2019-11-13T12:58:37.362Z [32minfo[39m: Press CTRL+C to stop server
2019-11-13T12:59:00.725Z [32minfo[39m: API server listening on port 3000
2019-11-13T12:59:00.727Z [32minfo[39m: Press CTRL+C to stop server
2019-11-13T12:59:08.415Z [31merror[39m: url=/reporting/tasks/?user=steven, status=404, error=You don't have permission to write .ezmesure-reporting, stack=ForbiddenError: You don't have permission to write .ezmesure-reporting
    at Object.throw (/usr/src/app/node_modules/koa/lib/context.js:97:11)
    at app.use (/usr/src/app/server.js:50:21)
    at process._tickCallback (internal/process/next_tick.js:68:7)
2019-11-13T13:00:41.471Z [32minfo[39m: API server listening on port 3000
2019-11-13T13:00:41.473Z [32minfo[39m: Press CTRL+C to stop server
2019-11-13T13:02:31.619Z [32minfo[39m: API server listening on port 3000
2019-11-13T13:02:31.621Z [32minfo[39m: Press CTRL+C to stop server
2019-11-13T13:03:09.236Z [32minfo[39m: API server listening on port 3000
2019-11-13T13:03:09.238Z [32minfo[39m: Press CTRL+C to stop server
2019-11-13T13:03:12.755Z [32minfo[39m: API server listening on port 3000
2019-11-13T13:03:12.757Z [32minfo[39m: Press CTRL+C to stop server
2019-11-13T13:03:19.064Z [31merror[39m: url=/reporting/tasks/?user=steven, status=500, error=elastic is not defined, stack=ReferenceError: elastic is not defined
    at hasPrivileges (/usr/src/app/lib/controllers/reporting/index.js:15:32)
    at dispatch (/usr/src/app/node_modules/koa-router/node_modules/koa-compose/index.js:44:32)
    at next (/usr/src/app/node_modules/koa-router/node_modules/koa-compose/index.js:45:18)
    at validator (/usr/src/app/node_modules/koa-joi-router/joi-router.js:407:38)
    at dispatch (/usr/src/app/node_modules/koa-router/node_modules/koa-compose/index.js:44:32)
    at next (/usr/src/app/node_modules/koa-router/node_modules/koa-compose/index.js:45:18)
    at noopMiddleware (/usr/src/app/node_modules/koa-joi-router/joi-router.js:267:16)
    at dispatch (/usr/src/app/node_modules/koa-router/node_modules/koa-compose/index.js:44:32)
    at next (/usr/src/app/node_modules/koa-router/node_modules/koa-compose/index.js:45:18)
    at specExposer (/usr/src/app/node_modules/koa-joi-router/joi-router.js:448:11)
2019-11-13T13:03:37.555Z [32minfo[39m: API server listening on port 3000
2019-11-13T13:03:37.557Z [32minfo[39m: Press CTRL+C to stop server
2019-11-13T13:21:52.840Z [32minfo[39m: API server listening on port 3000
2019-11-13T13:21:52.841Z [32minfo[39m: Press CTRL+C to stop server
2019-11-13T13:21:59.748Z [32minfo[39m: reporting/list
2019-11-13T13:22:16.603Z [32minfo[39m: API server listening on port 3000
2019-11-13T13:22:16.605Z [32minfo[39m: Press CTRL+C to stop server
2019-11-13T13:22:20.516Z [32minfo[39m: reporting/list
2019-11-13T13:22:23.511Z [32minfo[39m: API server listening on port 3000
2019-11-13T13:22:23.513Z [32minfo[39m: Press CTRL+C to stop server
2019-11-13T13:23:37.822Z [32minfo[39m: API server listening on port 3000
2019-11-13T13:23:37.824Z [32minfo[39m: Press CTRL+C to stop server
2019-11-13T13:23:40.380Z [32minfo[39m: API server listening on port 3000
2019-11-13T13:23:40.382Z [32minfo[39m: Press CTRL+C to stop server
2019-11-13T13:32:41.892Z [32minfo[39m: API server listening on port 3000
2019-11-13T13:32:41.894Z [32minfo[39m: Press CTRL+C to stop server
2019-11-13T13:32:48.679Z [31merror[39m: url=/reporting/tasks/?user=steven, status=500, error=elastic is not defined, stack=ReferenceError: elastic is not defined
    at /usr/src/app/lib/controllers/reporting/index.js:16:34
    at dispatch (/usr/src/app/node_modules/koa-router/node_modules/koa-compose/index.js:44:32)
    at next (/usr/src/app/node_modules/koa-router/node_modules/koa-compose/index.js:45:18)
    at validator (/usr/src/app/node_modules/koa-joi-router/joi-router.js:407:38)
    at dispatch (/usr/src/app/node_modules/koa-router/node_modules/koa-compose/index.js:44:32)
    at next (/usr/src/app/node_modules/koa-router/node_modules/koa-compose/index.js:45:18)
    at noopMiddleware (/usr/src/app/node_modules/koa-joi-router/joi-router.js:267:16)
    at dispatch (/usr/src/app/node_modules/koa-router/node_modules/koa-compose/index.js:44:32)
    at next (/usr/src/app/node_modules/koa-router/node_modules/koa-compose/index.js:45:18)
    at specExposer (/usr/src/app/node_modules/koa-joi-router/joi-router.js:448:11)
2019-11-13T13:38:33.830Z [32minfo[39m: API server listening on port 3000
2019-11-13T13:38:33.832Z [32minfo[39m: Press CTRL+C to stop server
2019-11-13T13:38:38.702Z [31merror[39m: url=/reporting/tasks/?user=steven, status=500, error=elastic is not defined, stack=ReferenceError: elastic is not defined
    at /usr/src/app/lib/controllers/reporting/index.js:16:34
    at dispatch (/usr/src/app/node_modules/koa-router/node_modules/koa-compose/index.js:44:32)
    at next (/usr/src/app/node_modules/koa-router/node_modules/koa-compose/index.js:45:18)
    at validator (/usr/src/app/node_modules/koa-joi-router/joi-router.js:407:38)
    at dispatch (/usr/src/app/node_modules/koa-router/node_modules/koa-compose/index.js:44:32)
    at next (/usr/src/app/node_modules/koa-router/node_modules/koa-compose/index.js:45:18)
    at noopMiddleware (/usr/src/app/node_modules/koa-joi-router/joi-router.js:267:16)
    at dispatch (/usr/src/app/node_modules/koa-router/node_modules/koa-compose/index.js:44:32)
    at next (/usr/src/app/node_modules/koa-router/node_modules/koa-compose/index.js:45:18)
    at specExposer (/usr/src/app/node_modules/koa-joi-router/joi-router.js:448:11)
2019-11-13T13:39:13.804Z [32minfo[39m: API server listening on port 3000
2019-11-13T13:39:13.806Z [32minfo[39m: Press CTRL+C to stop server
2019-11-13T13:39:18.449Z [31merror[39m: url=/reporting/tasks/?user=steven, status=500, error=index is not defined, stack=ReferenceError: index is not defined
    at /usr/src/app/lib/controllers/reporting/index.js:21:27
    at dispatch (/usr/src/app/node_modules/koa-router/node_modules/koa-compose/index.js:44:32)
    at next (/usr/src/app/node_modules/koa-router/node_modules/koa-compose/index.js:45:18)
    at validator (/usr/src/app/node_modules/koa-joi-router/joi-router.js:407:38)
    at dispatch (/usr/src/app/node_modules/koa-router/node_modules/koa-compose/index.js:44:32)
    at next (/usr/src/app/node_modules/koa-router/node_modules/koa-compose/index.js:45:18)
    at noopMiddleware (/usr/src/app/node_modules/koa-joi-router/joi-router.js:267:16)
    at dispatch (/usr/src/app/node_modules/koa-router/node_modules/koa-compose/index.js:44:32)
    at next (/usr/src/app/node_modules/koa-router/node_modules/koa-compose/index.js:45:18)
    at specExposer (/usr/src/app/node_modules/koa-joi-router/joi-router.js:448:11)
2019-11-13T13:39:38.731Z [32minfo[39m: API server listening on port 3000
2019-11-13T13:39:38.733Z [32minfo[39m: Press CTRL+C to stop server
2019-11-13T13:41:01.207Z [32minfo[39m: API server listening on port 3000
2019-11-13T13:41:01.209Z [32minfo[39m: Press CTRL+C to stop server
2019-11-13T13:41:25.503Z [32minfo[39m: API server listening on port 3000
2019-11-13T13:41:25.505Z [32minfo[39m: Press CTRL+C to stop server
2019-11-13T13:42:04.241Z [32minfo[39m: API server listening on port 3000
2019-11-13T13:42:04.243Z [32minfo[39m: Press CTRL+C to stop server
2019-11-13T13:42:19.016Z [32minfo[39m: API server listening on port 3000
2019-11-13T13:42:19.018Z [32minfo[39m: Press CTRL+C to stop server
2019-11-13T13:43:57.550Z [32minfo[39m: API server listening on port 3000
2019-11-13T13:43:57.552Z [32minfo[39m: Press CTRL+C to stop server
2019-11-13T13:44:19.034Z [32minfo[39m: API server listening on port 3000
2019-11-13T13:44:19.036Z [32minfo[39m: Press CTRL+C to stop server
2019-11-13T13:44:24.576Z [32minfo[39m: API server listening on port 3000
2019-11-13T13:44:24.578Z [32minfo[39m: Press CTRL+C to stop server
2019-11-13T13:46:42.650Z [32minfo[39m: API server listening on port 3000
2019-11-13T13:46:42.653Z [32minfo[39m: Press CTRL+C to stop server
2019-11-13T13:46:56.874Z [32minfo[39m: API server listening on port 3000
2019-11-13T13:46:56.876Z [32minfo[39m: Press CTRL+C to stop server
2019-11-13T13:47:14.551Z [32minfo[39m: API server listening on port 3000
2019-11-13T13:47:14.553Z [32minfo[39m: Press CTRL+C to stop server
2019-11-13T13:47:25.705Z [32minfo[39m: API server listening on port 3000
2019-11-13T13:47:25.707Z [32minfo[39m: Press CTRL+C to stop server
2019-11-13T13:47:41.850Z [32minfo[39m: API server listening on port 3000
2019-11-13T13:47:41.852Z [32minfo[39m: Press CTRL+C to stop server
2019-11-13T13:51:34.817Z [32minfo[39m: API server listening on port 3000
2019-11-13T13:51:34.820Z [32minfo[39m: Press CTRL+C to stop server
2019-11-13T13:51:38.071Z [32minfo[39m: API server listening on port 3000
2019-11-13T13:51:38.073Z [32minfo[39m: Press CTRL+C to stop server
2019-11-13T14:01:10.604Z [32minfo[39m: reporting/list
2019-11-13T14:02:13.751Z [32minfo[39m: API server listening on port 3000
2019-11-13T14:02:13.753Z [32minfo[39m: Press CTRL+C to stop server
2019-11-13T14:02:14.888Z [32minfo[39m: API server listening on port 3000
2019-11-13T14:02:14.890Z [32minfo[39m: Press CTRL+C to stop server
2019-11-13T14:02:19.043Z [32minfo[39m: reporting/list
2019-11-13T14:02:26.109Z [32minfo[39m: API server listening on port 3000
2019-11-13T14:02:26.111Z [32minfo[39m: Press CTRL+C to stop server
2019-11-13T14:02:30.017Z [32minfo[39m: reporting/list
2019-11-13T14:02:36.615Z [32minfo[39m: API server listening on port 3000
2019-11-13T14:02:36.617Z [32minfo[39m: Press CTRL+C to stop server
2019-11-13T14:02:40.622Z [32minfo[39m: reporting/list
2019-11-13T14:03:05.253Z [32minfo[39m: API server listening on port 3000
2019-11-13T14:03:05.255Z [32minfo[39m: Press CTRL+C to stop server
2019-11-13T14:03:12.369Z [32minfo[39m: reporting/list
2019-11-13T14:03:20.772Z [32minfo[39m: API server listening on port 3000
2019-11-13T14:03:20.774Z [32minfo[39m: Press CTRL+C to stop server
2019-11-13T14:03:27.064Z [32minfo[39m: API server listening on port 3000
2019-11-13T14:03:27.066Z [32minfo[39m: Press CTRL+C to stop server
2019-11-13T14:03:42.409Z [32minfo[39m: reporting/list
2019-11-13T14:03:49.824Z [32minfo[39m: reporting/list
2019-11-13T14:03:59.396Z [32minfo[39m: API server listening on port 3000
2019-11-13T14:03:59.398Z [32minfo[39m: Press CTRL+C to stop server
2019-11-13T14:04:04.670Z [32minfo[39m: reporting/list
2019-11-13T14:04:22.326Z [32minfo[39m: API server listening on port 3000
2019-11-13T14:04:22.329Z [32minfo[39m: Press CTRL+C to stop server
2019-11-13T14:04:26.720Z [32minfo[39m: reporting/list
2019-11-13T14:04:39.056Z [32minfo[39m: API server listening on port 3000
2019-11-13T14:04:39.058Z [32minfo[39m: Press CTRL+C to stop server
2019-11-13T14:04:40.860Z [32minfo[39m: API server listening on port 3000
2019-11-13T14:04:40.862Z [32minfo[39m: Press CTRL+C to stop server
2019-11-13T14:04:45.143Z [32minfo[39m: reporting/list
2019-11-13T14:04:55.529Z [32minfo[39m: API server listening on port 3000
2019-11-13T14:04:55.532Z [32minfo[39m: Press CTRL+C to stop server
2019-11-13T14:05:00.008Z [32minfo[39m: reporting/list
2019-11-13T14:05:11.101Z [32minfo[39m: API server listening on port 3000
2019-11-13T14:05:11.103Z [32minfo[39m: Press CTRL+C to stop server
2019-11-13T14:05:21.944Z [32minfo[39m: API server listening on port 3000
2019-11-13T14:05:21.946Z [32minfo[39m: Press CTRL+C to stop server
2019-11-13T14:05:34.793Z [32minfo[39m: API server listening on port 3000
2019-11-13T14:05:34.796Z [32minfo[39m: Press CTRL+C to stop server
2019-11-13T14:06:17.913Z [32minfo[39m: reporting/list
2019-11-13T14:07:04.277Z [32minfo[39m: API server listening on port 3000
2019-11-13T14:07:04.279Z [32minfo[39m: Press CTRL+C to stop server
2019-11-13T14:29:30.448Z [32minfo[39m: API server listening on port 3000
2019-11-13T14:29:30.450Z [32minfo[39m: Press CTRL+C to stop server
2019-11-13T14:50:56.390Z [32minfo[39m: API server listening on port 3000
2019-11-13T14:50:56.393Z [32minfo[39m: Press CTRL+C to stop server
2019-11-13T14:53:10.327Z [32minfo[39m: API server listening on port 3000
2019-11-13T14:53:10.330Z [32minfo[39m: Press CTRL+C to stop server
2019-11-13T14:53:14.615Z [32minfo[39m: reporting/list
2019-11-13T14:53:34.043Z [32minfo[39m: reporting/store
2019-11-13T15:06:32.392Z [32minfo[39m: reporting/list
2019-11-18T13:19:15.715Z [32minfo[39m: API server listening on port 3000
2019-11-18T13:19:15.717Z [32minfo[39m: Press CTRL+C to stop server
2019-11-18T13:25:01.983Z [32minfo[39m: API server listening on port 3000
2019-11-18T13:25:01.985Z [32minfo[39m: Press CTRL+C to stop server
2019-11-18T13:25:22.225Z [32minfo[39m: API server listening on port 3000
2019-11-18T13:25:22.227Z [32minfo[39m: Press CTRL+C to stop server
2019-11-18T13:33:56.083Z [32minfo[39m: API server listening on port 3000
2019-11-18T13:33:56.085Z [32minfo[39m: Press CTRL+C to stop server
2019-11-18T13:34:50.747Z [31merror[39m: url=/reporting/tasks, status=500, error=Invalid value "undefined" for header "es-security-runas-user", stack=TypeError [ERR_HTTP_INVALID_HEADER_VALUE]: Invalid value "undefined" for header "es-security-runas-user"
    at ClientRequest.setHeader (_http_outgoing.js:473:3)
    at new ClientRequest (_http_client.js:194:14)
    at Connection.request [as makeRequest] (http.js:42:10)
    at Connection.request (/usr/src/app/node_modules/@elastic/elasticsearch/lib/Connection.js:66:26)
    at makeRequest (/usr/src/app/node_modules/@elastic/elasticsearch/lib/Transport.js:179:30)
    at Transport.request (/usr/src/app/node_modules/@elastic/elasticsearch/lib/Transport.js:301:15)
    at Promise (/usr/src/app/node_modules/@elastic/elasticsearch/lib/Transport.js:75:14)
    at new Promise (<anonymous>)
    at Transport.request (/usr/src/app/node_modules/@elastic/elasticsearch/lib/Transport.js:74:14)
    at securityHasPrivileges (/usr/src/app/node_modules/@elastic/elasticsearch/api/api/security.has_privileges.js:78:12)
2019-11-18T13:35:07.124Z [32minfo[39m: reporting/list
2019-11-18T13:54:37.082Z [32minfo[39m: API server listening on port 3000
2019-11-18T13:54:37.084Z [32minfo[39m: Press CTRL+C to stop server
2019-11-18T14:03:36.017Z [32minfo[39m: API server listening on port 3000
2019-11-18T14:03:36.019Z [32minfo[39m: Press CTRL+C to stop server
2019-11-18T14:04:09.666Z [32minfo[39m: reporting/list
2019-11-18T14:04:10.057Z [31merror[39m: Cannot fetch tasks
2019-11-18T14:04:10.059Z [31merror[39m: Cannot fetch tasks
2019-11-18T14:04:10.061Z [31merror[39m: Cannot fetch tasks
2019-11-18T14:04:10.064Z [31merror[39m: Cannot fetch tasks
2019-11-18T14:04:10.066Z [31merror[39m: Cannot fetch tasks
2019-11-18T14:27:36.437Z [32minfo[39m: reporting/list
2019-11-18T14:27:48.894Z [32minfo[39m: reporting/store
2019-11-18T14:28:00.128Z [32minfo[39m: reporting/list
2019-11-18T14:28:10.017Z [32minfo[39m: Starting reporting task : #R3Xpfm4BwP1-AMOnmhoz
2019-11-18T14:28:10.026Z [31merror[39m: Error on task : #R3Xpfm4BwP1-AMOnmhoz
2019-11-18T14:28:10.026Z [31merror[39m: Cannot read property 'meta' of undefined
2019-11-18T14:29:10.044Z [32minfo[39m: Starting reporting task : #R3Xpfm4BwP1-AMOnmhoz
2019-11-18T14:29:10.049Z [31merror[39m: Error on task : #R3Xpfm4BwP1-AMOnmhoz
2019-11-18T14:29:10.050Z [31merror[39m: Cannot read property 'meta' of undefined
2019-11-18T14:30:10.035Z [32minfo[39m: Starting reporting task : #R3Xpfm4BwP1-AMOnmhoz
2019-11-18T14:30:10.040Z [31merror[39m: Error on task : #R3Xpfm4BwP1-AMOnmhoz
2019-11-18T14:30:10.040Z [31merror[39m: Cannot read property 'meta' of undefined
2019-11-18T14:31:10.033Z [32minfo[39m: Starting reporting task : #R3Xpfm4BwP1-AMOnmhoz
2019-11-18T14:31:10.037Z [31merror[39m: Error on task : #R3Xpfm4BwP1-AMOnmhoz
2019-11-18T14:31:10.038Z [31merror[39m: Cannot read property 'meta' of undefined
2019-11-18T14:32:10.007Z [32minfo[39m: Starting reporting task : #R3Xpfm4BwP1-AMOnmhoz
2019-11-18T14:32:10.012Z [31merror[39m: Error on task : #R3Xpfm4BwP1-AMOnmhoz
2019-11-18T14:32:10.012Z [31merror[39m: Cannot read property 'meta' of undefined
2019-11-18T14:33:10.014Z [32minfo[39m: Starting reporting task : #R3Xpfm4BwP1-AMOnmhoz
2019-11-18T14:33:10.019Z [31merror[39m: Error on task : #R3Xpfm4BwP1-AMOnmhoz
2019-11-18T14:33:10.020Z [31merror[39m: Cannot read property 'meta' of undefined
2019-11-18T14:34:10.005Z [32minfo[39m: Starting reporting task : #R3Xpfm4BwP1-AMOnmhoz
2019-11-18T14:34:10.010Z [31merror[39m: Error on task : #R3Xpfm4BwP1-AMOnmhoz
2019-11-18T14:34:10.011Z [31merror[39m: Cannot read property 'meta' of undefined
2019-11-18T14:34:18.257Z [32minfo[39m: reporting/list
2019-11-18T14:34:30.682Z [31merror[39m: url=/reporting/tasks, status=500, error=Invalid value "undefined" for header "es-security-runas-user", stack=TypeError [ERR_HTTP_INVALID_HEADER_VALUE]: Invalid value "undefined" for header "es-security-runas-user"
    at ClientRequest.setHeader (_http_outgoing.js:473:3)
    at new ClientRequest (_http_client.js:194:14)
    at Connection.request [as makeRequest] (http.js:42:10)
    at Connection.request (/usr/src/app/node_modules/@elastic/elasticsearch/lib/Connection.js:66:26)
    at makeRequest (/usr/src/app/node_modules/@elastic/elasticsearch/lib/Transport.js:179:30)
    at Transport.request (/usr/src/app/node_modules/@elastic/elasticsearch/lib/Transport.js:301:15)
    at Promise (/usr/src/app/node_modules/@elastic/elasticsearch/lib/Transport.js:75:14)
    at new Promise (<anonymous>)
    at Transport.request (/usr/src/app/node_modules/@elastic/elasticsearch/lib/Transport.js:74:14)
    at securityHasPrivileges (/usr/src/app/node_modules/@elastic/elasticsearch/api/api/security.has_privileges.js:78:12)
2019-11-18T14:34:36.644Z [32minfo[39m: reporting/list
2019-11-18T14:35:10.014Z [32minfo[39m: Starting reporting task : #R3Xpfm4BwP1-AMOnmhoz
2019-11-18T14:35:10.018Z [31merror[39m: Error on task : #R3Xpfm4BwP1-AMOnmhoz
2019-11-18T14:35:10.018Z [31merror[39m: Cannot read property 'meta' of undefined
2019-11-18T14:35:11.416Z [32minfo[39m: reporting/list
2019-11-18T14:35:15.110Z [32minfo[39m: reporting/delete
2019-11-18T14:35:21.498Z [32minfo[39m: reporting/list
2019-11-18T14:35:28.127Z [32minfo[39m: reporting/store
2019-11-18T14:35:34.115Z [32minfo[39m: reporting/list
2019-11-18T14:35:53.311Z [32minfo[39m: API server listening on port 3000
2019-11-18T14:35:53.313Z [32minfo[39m: Press CTRL+C to stop server
2019-11-18T14:36:04.099Z [32minfo[39m: API server listening on port 3000
2019-11-18T14:36:04.101Z [32minfo[39m: Press CTRL+C to stop server
2019-11-18T14:36:04.462Z [32minfo[39m: reporting/list
2019-11-18T14:36:10.006Z [32minfo[39m: Starting reporting task : #SHXwfm4BwP1-AMOnnBoB
2019-11-18T14:36:10.011Z [31merror[39m: Error on task : #SHXwfm4BwP1-AMOnnBoB
2019-11-18T14:36:10.011Z [31merror[39m: Cannot read property 'meta' of undefined
2019-11-18T14:36:12.049Z [32minfo[39m: API server listening on port 3000
2019-11-18T14:36:12.051Z [32minfo[39m: Press CTRL+C to stop server
2019-11-18T14:36:40.064Z [32minfo[39m: reporting/list
2019-11-18T14:37:10.015Z [32minfo[39m: Starting reporting task : #SHXwfm4BwP1-AMOnnBoB
2019-11-18T14:37:10.020Z [31merror[39m: Error on task : #SHXwfm4BwP1-AMOnnBoB
2019-11-18T14:37:10.020Z [31merror[39m: Cannot read property 'meta' of undefined
2019-11-18T14:38:10.067Z [32minfo[39m: Starting reporting task : #SHXwfm4BwP1-AMOnnBoB
2019-11-18T14:38:10.074Z [31merror[39m: Error on task : #SHXwfm4BwP1-AMOnnBoB
2019-11-18T14:38:10.074Z [31merror[39m: Cannot read property 'meta' of undefined
2019-11-18T14:39:10.034Z [32minfo[39m: Starting reporting task : #SHXwfm4BwP1-AMOnnBoB
2019-11-18T14:39:10.038Z [31merror[39m: Error on task : #SHXwfm4BwP1-AMOnnBoB
2019-11-18T14:39:10.038Z [31merror[39m: Cannot read property 'meta' of undefined
2019-11-18T14:39:18.541Z [32minfo[39m: API server listening on port 3000
2019-11-18T14:39:18.543Z [32minfo[39m: Press CTRL+C to stop server
2019-11-18T14:39:56.980Z [32minfo[39m: API server listening on port 3000
2019-11-18T14:39:56.982Z [32minfo[39m: Press CTRL+C to stop server
2019-11-18T14:40:10.022Z [32minfo[39m: Starting reporting task : #SHXwfm4BwP1-AMOnnBoB
2019-11-18T14:40:10.028Z [31merror[39m: Error on task : #SHXwfm4BwP1-AMOnnBoB
2019-11-18T14:40:10.028Z [31merror[39m: Cannot read property 'meta' of undefined
2019-11-18T14:40:53.420Z [32minfo[39m: API server listening on port 3000
2019-11-18T14:40:53.422Z [32minfo[39m: Press CTRL+C to stop server
2019-11-18T14:41:10.030Z [32minfo[39m: Starting reporting task : #SHXwfm4BwP1-AMOnnBoB
2019-11-18T14:42:10.033Z [32minfo[39m: Starting reporting task : #SHXwfm4BwP1-AMOnnBoB
2019-11-18T14:42:57.861Z [32minfo[39m: API server listening on port 3000
2019-11-18T14:42:57.863Z [32minfo[39m: Press CTRL+C to stop server
2019-11-18T14:43:10.025Z [32minfo[39m: Starting reporting task : #SHXwfm4BwP1-AMOnnBoB
2019-11-18T14:43:10.033Z [31merror[39m: Error on task : #SHXwfm4BwP1-AMOnnBoB
2019-11-18T14:43:10.033Z [31merror[39m: Cannot read property 'meta' of undefined
2019-11-18T14:43:59.770Z [32minfo[39m: API server listening on port 3000
2019-11-18T14:43:59.772Z [32minfo[39m: Press CTRL+C to stop server
2019-11-18T14:44:10.027Z [32minfo[39m: Starting reporting task : #SHXwfm4BwP1-AMOnnBoB
2019-11-18T14:44:32.990Z [32minfo[39m: API server listening on port 3000
2019-11-18T14:44:32.992Z [32minfo[39m: Press CTRL+C to stop server
2019-11-18T14:45:10.050Z [32minfo[39m: Starting reporting task : #SHXwfm4BwP1-AMOnnBoB
2019-11-18T14:45:10.058Z [31merror[39m: Error on task : #SHXwfm4BwP1-AMOnnBoB
2019-11-18T14:45:10.059Z [31merror[39m: Cannot read property 'meta' of undefined
2019-11-18T14:45:16.842Z [32minfo[39m: API server listening on port 3000
2019-11-18T14:45:16.844Z [32minfo[39m: Press CTRL+C to stop server
2019-11-18T14:46:10.056Z [32minfo[39m: Starting reporting task : #SHXwfm4BwP1-AMOnnBoB
2019-11-18T14:46:10.063Z [31merror[39m: Error on task : #SHXwfm4BwP1-AMOnnBoB
2019-11-18T14:46:10.063Z [31merror[39m: Cannot read property 'meta' of undefined
2019-11-18T14:46:20.736Z [32minfo[39m: API server listening on port 3000
2019-11-18T14:46:20.738Z [32minfo[39m: Press CTRL+C to stop server
2019-11-18T14:47:10.050Z [32minfo[39m: Starting reporting task : #SHXwfm4BwP1-AMOnnBoB
2019-11-18T14:47:10.056Z [31merror[39m: Error on task : #SHXwfm4BwP1-AMOnnBoB
2019-11-18T14:47:10.056Z [31merror[39m: Cannot read property 'meta' of undefined
2019-11-18T14:47:22.112Z [32minfo[39m: API server listening on port 3000
2019-11-18T14:47:22.114Z [32minfo[39m: Press CTRL+C to stop server
2019-11-18T14:47:49.778Z [32minfo[39m: reporting/list
2019-11-18T14:47:51.262Z [32minfo[39m: reporting/delete
2019-11-18T14:47:59.045Z [32minfo[39m: reporting/store
2019-11-18T14:48:04.687Z [32minfo[39m: reporting/list
2019-11-18T14:48:10.015Z [32minfo[39m: Starting reporting task : #SXX8fm4BwP1-AMOnERpH
2019-11-18T14:48:10.022Z [31merror[39m: Error on task : #SXX8fm4BwP1-AMOnERpH
2019-11-18T14:48:10.022Z [31merror[39m: Cannot read property 'meta' of undefined
2019-11-18T15:59:10.641Z [32minfo[39m: API server listening on port 3000
2019-11-18T15:59:10.643Z [32minfo[39m: Press CTRL+C to stop server
2019-11-18T15:59:11.036Z [32minfo[39m: reporting/delete
2019-11-18T15:59:30.926Z [32minfo[39m: reporting/list
2019-11-18T15:59:38.257Z [32minfo[39m: reporting/store
2019-11-18T15:59:47.629Z [32minfo[39m: API server listening on port 3000
2019-11-18T15:59:47.631Z [32minfo[39m: Press CTRL+C to stop server
2019-11-18T15:59:53.115Z [32minfo[39m: reporting/list
2019-11-18T16:00:10.009Z [32minfo[39m: Starting reporting task : #SnU9f24BwP1-AMOnqxoT
2019-11-18T16:00:10.019Z [31merror[39m: Error on task : #SnU9f24BwP1-AMOnqxoT
2019-11-18T16:00:10.019Z [31merror[39m: Cannot read property 'meta' of undefined
2019-11-18T16:00:22.307Z [32minfo[39m: API server listening on port 3000
2019-11-18T16:00:22.309Z [32minfo[39m: Press CTRL+C to stop server
2019-11-18T16:00:26.519Z [32minfo[39m: reporting/list
2019-11-18T16:01:10.018Z [32minfo[39m: Starting reporting task : #SnU9f24BwP1-AMOnqxoT
2019-11-18T16:01:10.028Z [31merror[39m: Error on task : #SnU9f24BwP1-AMOnqxoT
2019-11-18T16:01:10.028Z [31merror[39m: Cannot read property 'meta' of undefined
2019-11-18T16:01:49.433Z [32minfo[39m: API server listening on port 3000
2019-11-18T16:01:49.435Z [32minfo[39m: Press CTRL+C to stop server
2019-11-18T16:02:10.025Z [32minfo[39m: Starting reporting task : #SnU9f24BwP1-AMOnqxoT
2019-11-18T16:02:10.032Z [31merror[39m: Error on task : #SnU9f24BwP1-AMOnqxoT
2019-11-18T16:02:10.033Z [31merror[39m: Cannot read property 'meta' of undefined
2019-11-18T16:05:07.339Z [32minfo[39m: API server listening on port 3000
2019-11-18T16:05:07.341Z [32minfo[39m: Press CTRL+C to stop server
2019-11-18T16:05:10.020Z [32minfo[39m: Starting reporting task : #SnU9f24BwP1-AMOnqxoT
2019-11-18T16:05:10.027Z [31merror[39m: Error on task : #SnU9f24BwP1-AMOnqxoT
2019-11-18T16:05:10.027Z [31merror[39m: Cannot read property 'meta' of undefined
2019-11-18T16:05:10.240Z [32minfo[39m: reporting/list
2019-11-18T16:05:11.718Z [32minfo[39m: reporting/list
2019-11-18T16:05:15.104Z [32minfo[39m: reporting/delete
2019-11-18T16:05:23.306Z [32minfo[39m: reporting/store
2019-11-18T16:05:50.758Z [32minfo[39m: reporting/list
2019-11-18T16:06:08.531Z [32minfo[39m: reporting/list
2019-11-18T16:06:10.005Z [32minfo[39m: Starting reporting task : #S3VCf24BwP1-AMOn7hrs
2019-11-18T16:06:26.350Z [32minfo[39m: Sending mail : #S3VCf24BwP1-AMOn7hrs
2019-11-18T16:06:55.603Z [32minfo[39m: API server listening on port 3000
2019-11-18T16:06:55.605Z [32minfo[39m: Press CTRL+C to stop server
2019-11-18T16:07:10.024Z [32minfo[39m: Starting reporting task : #S3VCf24BwP1-AMOn7hrs
2019-11-18T16:07:25.932Z [32minfo[39m: Sending mail : #S3VCf24BwP1-AMOn7hrs
2019-11-18T16:07:52.496Z [32minfo[39m: API server listening on port 3000
2019-11-18T16:07:52.498Z [32minfo[39m: Press CTRL+C to stop server
2019-11-18T16:08:10.027Z [32minfo[39m: Starting reporting task : #S3VCf24BwP1-AMOn7hrs
2019-11-18T16:08:26.305Z [32minfo[39m: Sending mail : #S3VCf24BwP1-AMOn7hrs
2019-11-18T16:08:43.751Z [32minfo[39m: API server listening on port 3000
2019-11-18T16:08:43.753Z [32minfo[39m: Press CTRL+C to stop server
2019-11-18T16:09:10.025Z [32minfo[39m: Starting reporting task : #S3VCf24BwP1-AMOn7hrs
2019-11-18T16:09:26.355Z [32minfo[39m: Sending mail : #S3VCf24BwP1-AMOn7hrs
2019-11-18T16:09:36.735Z [32minfo[39m: API server listening on port 3000
2019-11-18T16:09:36.737Z [32minfo[39m: Press CTRL+C to stop server
2019-11-18T16:10:10.036Z [32minfo[39m: Starting reporting task : #S3VCf24BwP1-AMOn7hrs
2019-11-18T16:10:26.007Z [32minfo[39m: Sending mail : #S3VCf24BwP1-AMOn7hrs
2019-11-18T16:10:30.865Z [32minfo[39m: API server listening on port 3000
2019-11-18T16:10:30.867Z [32minfo[39m: Press CTRL+C to stop server
2019-11-18T16:11:10.034Z [32minfo[39m: Starting reporting task : #S3VCf24BwP1-AMOn7hrs
2019-11-18T16:11:25.820Z [32minfo[39m: Sending mail : #S3VCf24BwP1-AMOn7hrs
2019-11-19T08:31:48.809Z [32minfo[39m: API server listening on port 3000
2019-11-19T08:31:48.811Z [32minfo[39m: Press CTRL+C to stop server
2019-11-19T08:32:10.041Z [31merror[39m: Cannot fetch tasks
2019-11-19T08:32:10.043Z [31merror[39m: Cannot fetch tasks
2019-11-19T08:32:10.045Z [31merror[39m: Cannot fetch tasks
2019-11-19T08:32:10.046Z [31merror[39m: Cannot fetch tasks
2019-11-19T08:32:10.048Z [31merror[39m: Cannot fetch tasks
2019-11-19T08:33:10.324Z [32minfo[39m: Starting reporting task : #S3VCf24BwP1-AMOn7hrs
2019-11-19T08:34:10.032Z [32minfo[39m: Starting reporting task : #S3VCf24BwP1-AMOn7hrs
2019-11-19T08:34:13.503Z [31merror[39m: Error on task : #S3VCf24BwP1-AMOn7hrs
2019-11-19T08:34:13.504Z [31merror[39m: Navigation Timeout Exceeded: 30000ms exceeded
2019-11-19T08:34:40.541Z [31merror[39m: Error on task : #S3VCf24BwP1-AMOn7hrs
2019-11-19T08:34:40.541Z [31merror[39m: Navigation Timeout Exceeded: 30000ms exceeded
2019-11-19T08:35:10.027Z [32minfo[39m: Starting reporting task : #S3VCf24BwP1-AMOn7hrs
2019-11-19T08:35:43.300Z [31merror[39m: Error on task : #S3VCf24BwP1-AMOn7hrs
2019-11-19T08:35:43.300Z [31merror[39m: waiting for selector "form" failed: timeout 30000ms exceeded
2019-11-19T08:36:10.035Z [32minfo[39m: Starting reporting task : #S3VCf24BwP1-AMOn7hrs
2019-11-19T08:36:36.231Z [31merror[39m: Error on task : #S3VCf24BwP1-AMOn7hrs
2019-11-19T08:36:36.231Z [31merror[39m: Cannot create property 'Symbol(level)' on string 'Saving pdf file : tmp/S3VCf24BwP1-AMOn7hrs_auto_1574152596230.pdf'
2019-11-19T08:37:10.011Z [32minfo[39m: Starting reporting task : #S3VCf24BwP1-AMOn7hrs
2019-11-19T08:37:26.427Z [31merror[39m: Error on task : #S3VCf24BwP1-AMOn7hrs
2019-11-19T08:37:26.428Z [31merror[39m: Cannot create property 'Symbol(level)' on string 'Saving pdf file : tmp/S3VCf24BwP1-AMOn7hrs_auto_1574152646427.pdf'
2019-11-19T08:38:10.035Z [32minfo[39m: Starting reporting task : #S3VCf24BwP1-AMOn7hrs
2019-11-19T08:38:26.159Z [31merror[39m: Error on task : #S3VCf24BwP1-AMOn7hrs
2019-11-19T08:38:26.160Z [31merror[39m: Cannot create property 'Symbol(level)' on string 'Saving pdf file : tmp/S3VCf24BwP1-AMOn7hrs_auto_1574152706159.pdf'
2019-11-19T08:39:10.032Z [32minfo[39m: Starting reporting task : #S3VCf24BwP1-AMOn7hrs
2019-11-19T08:39:26.158Z [31merror[39m: Error on task : #S3VCf24BwP1-AMOn7hrs
2019-11-19T08:39:26.158Z [31merror[39m: Cannot create property 'Symbol(level)' on string 'Saving pdf file : tmp/S3VCf24BwP1-AMOn7hrs_auto_1574152766158.pdf'
2019-11-19T08:40:10.034Z [32minfo[39m: Starting reporting task : #S3VCf24BwP1-AMOn7hrs
2019-11-19T08:40:40.259Z [31merror[39m: Error on task : #S3VCf24BwP1-AMOn7hrs
2019-11-19T08:40:40.260Z [31merror[39m: Navigation Timeout Exceeded: 30000ms exceeded
2019-11-19T08:41:10.028Z [32minfo[39m: Starting reporting task : #S3VCf24BwP1-AMOn7hrs
2019-11-19T08:41:50.690Z [31merror[39m: Error on task : #S3VCf24BwP1-AMOn7hrs
2019-11-19T08:41:50.691Z [31merror[39m: waiting for selector "form" failed: timeout 30000ms exceeded
2019-11-19T08:42:10.024Z [32minfo[39m: Starting reporting task : #S3VCf24BwP1-AMOn7hrs
2019-11-19T08:42:43.880Z [31merror[39m: Error on task : #S3VCf24BwP1-AMOn7hrs
2019-11-19T08:42:43.880Z [31merror[39m: waiting for selector "form" failed: timeout 30000ms exceeded
2019-11-19T08:43:10.032Z [32minfo[39m: Starting reporting task : #S3VCf24BwP1-AMOn7hrs
2019-11-19T08:43:43.667Z [31merror[39m: Error on task : #S3VCf24BwP1-AMOn7hrs
2019-11-19T08:43:43.668Z [31merror[39m: waiting for selector "form" failed: timeout 30000ms exceeded
2019-11-19T08:44:10.030Z [32minfo[39m: Starting reporting task : #S3VCf24BwP1-AMOn7hrs
2019-11-19T08:44:44.205Z [31merror[39m: Error on task : #S3VCf24BwP1-AMOn7hrs
2019-11-19T08:44:44.205Z [31merror[39m: waiting for selector "form" failed: timeout 30000ms exceeded
2019-11-19T08:45:10.020Z [32minfo[39m: Starting reporting task : #S3VCf24BwP1-AMOn7hrs
2019-11-19T08:45:44.080Z [31merror[39m: Error on task : #S3VCf24BwP1-AMOn7hrs
2019-11-19T08:45:44.080Z [31merror[39m: waiting for selector "form" failed: timeout 30000ms exceeded
2019-11-19T08:46:10.031Z [32minfo[39m: Starting reporting task : #S3VCf24BwP1-AMOn7hrs
2019-11-19T08:46:47.167Z [31merror[39m: Error on task : #S3VCf24BwP1-AMOn7hrs
2019-11-19T08:46:47.168Z [31merror[39m: waiting for selector "form" failed: timeout 30000ms exceeded
2019-11-19T08:47:10.023Z [32minfo[39m: Starting reporting task : #S3VCf24BwP1-AMOn7hrs
2019-11-19T08:47:41.572Z [31merror[39m: Error on task : #S3VCf24BwP1-AMOn7hrs
2019-11-19T08:47:41.572Z [31merror[39m: waiting for selector "form" failed: timeout 30000ms exceeded
2019-11-19T08:48:10.034Z [32minfo[39m: Starting reporting task : #S3VCf24BwP1-AMOn7hrs
2019-11-19T08:48:41.402Z [31merror[39m: Error on task : #S3VCf24BwP1-AMOn7hrs
2019-11-19T08:48:41.402Z [31merror[39m: waiting for selector "form" failed: timeout 30000ms exceeded
2019-11-19T08:49:10.085Z [32minfo[39m: Starting reporting task : #S3VCf24BwP1-AMOn7hrs
2019-11-19T08:49:32.449Z [31merror[39m: Error on task : #S3VCf24BwP1-AMOn7hrs
2019-11-19T08:49:32.449Z [31merror[39m: Cannot create property 'Symbol(level)' on string 'Saving pdf file : tmp/S3VCf24BwP1-AMOn7hrs_auto_1574153372442.pdf'
2019-11-19T08:50:10.011Z [32minfo[39m: Starting reporting task : #S3VCf24BwP1-AMOn7hrs
2019-11-19T08:50:32.877Z [32minfo[39m: API server listening on port 3000
2019-11-19T08:50:32.881Z [32minfo[39m: Press CTRL+C to stop server
2019-11-19T08:50:40.490Z [32minfo[39m: reporting/list
2019-11-19T08:50:44.449Z [32minfo[39m: reporting/delete
2019-11-19T08:50:56.648Z [32minfo[39m: reporting/store
2019-11-19T08:51:10.025Z [32minfo[39m: Starting reporting task : #-vzbgm4BCaWuWmaHjHAh
2019-11-19T08:51:26.926Z [31merror[39m: Error on task : #-vzbgm4BCaWuWmaHjHAh
2019-11-19T08:51:26.926Z [31merror[39m: Cannot create property 'Symbol(level)' on string 'Saving pdf file : tmp/-vzbgm4BCaWuWmaHjHAh_auto_1574153486924.pdf'
2019-11-19T08:52:10.012Z [32minfo[39m: Starting reporting task : #-vzbgm4BCaWuWmaHjHAh
2019-11-19T08:52:27.165Z [31merror[39m: Error on task : #-vzbgm4BCaWuWmaHjHAh
2019-11-19T08:52:27.165Z [31merror[39m: Cannot create property 'Symbol(level)' on string 'Saving pdf file : tmp/-vzbgm4BCaWuWmaHjHAh_auto_1574153547164.pdf'
2019-11-19T08:52:50.907Z [32minfo[39m: API server listening on port 3000
2019-11-19T08:52:50.910Z [32minfo[39m: Press CTRL+C to stop server
2019-11-19T08:53:10.103Z [32minfo[39m: Starting reporting task : #-vzbgm4BCaWuWmaHjHAh
2019-11-19T08:53:57.736Z [31merror[39m: Error on task : #-vzbgm4BCaWuWmaHjHAh
2019-11-19T08:53:57.736Z [31merror[39m: waiting for selector "form" failed: timeout 30000ms exceeded
2019-11-19T08:54:10.018Z [32minfo[39m: Starting reporting task : #-vzbgm4BCaWuWmaHjHAh
2019-11-19T08:54:43.972Z [31merror[39m: Error on task : #-vzbgm4BCaWuWmaHjHAh
2019-11-19T08:54:43.972Z [31merror[39m: waiting for selector "form" failed: timeout 30000ms exceeded
2019-11-19T08:55:10.030Z [32minfo[39m: Starting reporting task : #-vzbgm4BCaWuWmaHjHAh
2019-11-19T08:55:41.092Z [31merror[39m: Error on task : #-vzbgm4BCaWuWmaHjHAh
2019-11-19T08:55:41.092Z [31merror[39m: waiting for selector "form" failed: timeout 30000ms exceeded
2019-11-19T08:56:10.033Z [32minfo[39m: Starting reporting task : #-vzbgm4BCaWuWmaHjHAh
2019-11-19T08:56:41.039Z [31merror[39m: Error on task : #-vzbgm4BCaWuWmaHjHAh
2019-11-19T08:56:41.040Z [31merror[39m: waiting for selector "form" failed: timeout 30000ms exceeded
2019-11-19T08:57:10.158Z [32minfo[39m: Starting reporting task : #-vzbgm4BCaWuWmaHjHAh
2019-11-19T08:57:30.006Z [32minfo[39m: Sending mail : #-vzbgm4BCaWuWmaHjHAh
2019-11-19T08:58:10.015Z [32minfo[39m: Starting reporting task : #-vzbgm4BCaWuWmaHjHAh
2019-11-19T08:58:26.414Z [32minfo[39m: Sending mail : #-vzbgm4BCaWuWmaHjHAh
2019-11-19T08:58:28.631Z [32minfo[39m: reporting/list
2019-11-19T08:58:32.232Z [32minfo[39m: reporting/delete
2019-11-19T08:58:39.410Z [32minfo[39m: reporting/store
2019-11-19T08:58:48.273Z [32minfo[39m: reporting/delete
2019-11-19T09:03:40.407Z [32minfo[39m: reporting/list
2019-11-19T09:03:48.126Z [32minfo[39m: reporting/store
2019-11-19T09:03:53.648Z [32minfo[39m: reporting/delete
2019-11-19T09:05:05.555Z [32minfo[39m: reporting/store
2019-11-19T09:05:10.965Z [32minfo[39m: Starting reporting task : #_fzogm4BCaWuWmaHgHAU
2019-11-19T09:05:29.862Z [32minfo[39m: Sending mail : #_fzogm4BCaWuWmaHgHAU
2019-11-19T09:06:15.087Z [32minfo[39m: API server listening on port 3000
2019-11-19T09:06:15.089Z [32minfo[39m: Press CTRL+C to stop server
2019-11-19T09:07:10.050Z [32minfo[39m: Starting reporting task : #_fzogm4BCaWuWmaHgHAU
2019-11-19T09:07:26.506Z [31merror[39m: Error on task : #_fzogm4BCaWuWmaHgHAU
2019-11-19T09:07:26.506Z [31merror[39m: Cannot create property 'Symbol(level)' on string 'Saving pdf file : tmp/_fzogm4BCaWuWmaHgHAU_auto_1574154446505.pdf'
2019-11-19T09:08:10.031Z [32minfo[39m: Starting reporting task : #_fzogm4BCaWuWmaHgHAU
2019-11-19T09:08:26.400Z [31merror[39m: Error on task : #_fzogm4BCaWuWmaHgHAU
2019-11-19T09:08:26.400Z [31merror[39m: Cannot create property 'Symbol(level)' on string 'Saving pdf file : tmp/_fzogm4BCaWuWmaHgHAU_auto_1574154506400.pdf'
2019-11-19T09:09:10.033Z [32minfo[39m: Starting reporting task : #_fzogm4BCaWuWmaHgHAU
2019-11-19T09:09:15.973Z [32minfo[39m: API server listening on port 3000
2019-11-19T09:09:15.975Z [32minfo[39m: Press CTRL+C to stop server
2019-11-19T09:10:10.039Z [32minfo[39m: Starting reporting task : #_fzogm4BCaWuWmaHgHAU
2019-11-19T09:10:26.559Z [32minfo[39m: Sending mail : #_fzogm4BCaWuWmaHgHAU
2019-11-19T09:11:10.026Z [32minfo[39m: Starting reporting task : #_fzogm4BCaWuWmaHgHAU
2019-11-19T09:11:26.268Z [32minfo[39m: Sending mail : #_fzogm4BCaWuWmaHgHAU
2019-11-19T09:12:10.029Z [32minfo[39m: Starting reporting task : #_fzogm4BCaWuWmaHgHAU
2019-11-19T09:12:26.332Z [32minfo[39m: Sending mail : #_fzogm4BCaWuWmaHgHAU
2019-11-19T09:13:10.110Z [32minfo[39m: Starting reporting task : #_fzogm4BCaWuWmaHgHAU
2019-11-19T09:13:26.586Z [32minfo[39m: Sending mail : #_fzogm4BCaWuWmaHgHAU
2019-11-19T09:13:40.443Z [32minfo[39m: API server listening on port 3000
2019-11-19T09:13:40.445Z [32minfo[39m: Press CTRL+C to stop server
2019-11-19T09:14:10.028Z [32minfo[39m: Starting reporting task : #_fzogm4BCaWuWmaHgHAU
2019-11-19T09:14:26.290Z [32minfo[39m: Sending mail : #_fzogm4BCaWuWmaHgHAU
2019-11-19T09:15:03.520Z [32minfo[39m: API server listening on port 3000
2019-11-19T09:15:03.522Z [32minfo[39m: Press CTRL+C to stop server
2019-11-19T09:15:10.025Z [32minfo[39m: Starting reporting task : #_fzogm4BCaWuWmaHgHAU
2019-11-19T09:15:26.712Z [32minfo[39m: Sending mail : #_fzogm4BCaWuWmaHgHAU
2019-11-19T09:15:32.627Z [32minfo[39m: API server listening on port 3000
2019-11-19T09:15:32.629Z [32minfo[39m: Press CTRL+C to stop server
2019-11-19T09:16:10.036Z [32minfo[39m: Starting reporting task : #_fzogm4BCaWuWmaHgHAU
2019-11-19T09:16:26.638Z [32minfo[39m: Sending mail : #_fzogm4BCaWuWmaHgHAU
2019-11-19T09:17:10.039Z [32minfo[39m: Starting reporting task : #_fzogm4BCaWuWmaHgHAU
2019-11-19T09:17:26.568Z [32minfo[39m: Sending mail : #_fzogm4BCaWuWmaHgHAU
2019-11-19T09:18:10.035Z [32minfo[39m: Starting reporting task : #_fzogm4BCaWuWmaHgHAU
2019-11-19T09:18:26.175Z [32minfo[39m: Sending mail : #_fzogm4BCaWuWmaHgHAU
2019-11-19T09:19:10.023Z [32minfo[39m: Starting reporting task : #_fzogm4BCaWuWmaHgHAU
2019-11-19T09:19:26.549Z [32minfo[39m: Sending mail : #_fzogm4BCaWuWmaHgHAU
2019-11-19T09:20:10.035Z [32minfo[39m: Starting reporting task : #_fzogm4BCaWuWmaHgHAU
2019-11-19T09:20:26.456Z [32minfo[39m: Sending mail : #_fzogm4BCaWuWmaHgHAU
2019-11-19T09:21:10.035Z [32minfo[39m: Starting reporting task : #_fzogm4BCaWuWmaHgHAU
2019-11-19T09:21:26.172Z [32minfo[39m: Sending mail : #_fzogm4BCaWuWmaHgHAU
2019-11-19T09:22:10.034Z [32minfo[39m: Starting reporting task : #_fzogm4BCaWuWmaHgHAU
2019-11-19T09:22:26.512Z [32minfo[39m: Sending mail : #_fzogm4BCaWuWmaHgHAU
2019-11-19T09:23:10.033Z [32minfo[39m: Starting reporting task : #_fzogm4BCaWuWmaHgHAU
2019-11-19T09:23:26.130Z [32minfo[39m: Sending mail : #_fzogm4BCaWuWmaHgHAU
2019-11-19T09:24:10.037Z [32minfo[39m: Starting reporting task : #_fzogm4BCaWuWmaHgHAU
2019-11-19T09:24:26.525Z [32minfo[39m: Sending mail : #_fzogm4BCaWuWmaHgHAU
2019-11-19T09:25:10.024Z [32minfo[39m: Starting reporting task : #_fzogm4BCaWuWmaHgHAU
