2019-11-13T12:20:26.862Z [31merror[39m: url=/reporting/tasks/list, status=500, error=Missing required parameter: body, stack=ConfigurationError: Missing required parameter: body
    at securityHasPrivileges (/usr/src/app/node_modules/@elastic/elasticsearch/api/api/security.has_privileges.js:40:19)
    at Object._lazyLoad [as hasPrivileges] (/usr/src/app/node_modules/@elastic/elasticsearch/api/index.js:573:12)
    at exports.list (/usr/src/app/lib/controllers/reporting/reporting.js:53:49)
    at dispatch (/usr/src/app/node_modules/koa-router/node_modules/koa-compose/index.js:44:32)
    at next (/usr/src/app/node_modules/koa-router/node_modules/koa-compose/index.js:45:18)
    at validator (/usr/src/app/node_modules/koa-joi-router/joi-router.js:407:38)
    at dispatch (/usr/src/app/node_modules/koa-router/node_modules/koa-compose/index.js:44:32)
    at next (/usr/src/app/node_modules/koa-router/node_modules/koa-compose/index.js:45:18)
    at noopMiddleware (/usr/src/app/node_modules/koa-joi-router/joi-router.js:267:16)
    at dispatch (/usr/src/app/node_modules/koa-router/node_modules/koa-compose/index.js:44:32)
2019-11-13T12:20:29.532Z [31merror[39m: url=/reporting/tasks, status=500, error=Missing required parameter: body, stack=ConfigurationError: Missing required parameter: body
    at securityHasPrivileges (/usr/src/app/node_modules/@elastic/elasticsearch/api/api/security.has_privileges.js:40:19)
    at Object._lazyLoad [as hasPrivileges] (/usr/src/app/node_modules/@elastic/elasticsearch/api/index.js:573:12)
    at exports.list (/usr/src/app/lib/controllers/reporting/reporting.js:53:49)
    at dispatch (/usr/src/app/node_modules/koa-router/node_modules/koa-compose/index.js:44:32)
    at next (/usr/src/app/node_modules/koa-router/node_modules/koa-compose/index.js:45:18)
    at validator (/usr/src/app/node_modules/koa-joi-router/joi-router.js:407:38)
    at dispatch (/usr/src/app/node_modules/koa-router/node_modules/koa-compose/index.js:44:32)
    at next (/usr/src/app/node_modules/koa-router/node_modules/koa-compose/index.js:45:18)
    at noopMiddleware (/usr/src/app/node_modules/koa-joi-router/joi-router.js:267:16)
    at dispatch (/usr/src/app/node_modules/koa-router/node_modules/koa-compose/index.js:44:32)
2019-11-13T12:20:42.008Z [31merror[39m: url=/reporting/tasks, status=500, error=Missing required parameter: body, stack=ConfigurationError: Missing required parameter: body
    at securityHasPrivileges (/usr/src/app/node_modules/@elastic/elasticsearch/api/api/security.has_privileges.js:40:19)
    at Object._lazyLoad [as hasPrivileges] (/usr/src/app/node_modules/@elastic/elasticsearch/api/index.js:573:12)
    at exports.list (/usr/src/app/lib/controllers/reporting/reporting.js:53:39)
    at dispatch (/usr/src/app/node_modules/koa-router/node_modules/koa-compose/index.js:44:32)
    at next (/usr/src/app/node_modules/koa-router/node_modules/koa-compose/index.js:45:18)
    at validator (/usr/src/app/node_modules/koa-joi-router/joi-router.js:407:38)
    at dispatch (/usr/src/app/node_modules/koa-router/node_modules/koa-compose/index.js:44:32)
    at next (/usr/src/app/node_modules/koa-router/node_modules/koa-compose/index.js:45:18)
    at noopMiddleware (/usr/src/app/node_modules/koa-joi-router/joi-router.js:267:16)
    at dispatch (/usr/src/app/node_modules/koa-router/node_modules/koa-compose/index.js:44:32)
2019-11-13T12:20:45.469Z [31merror[39m: url=/reporting/tasks/list, status=500, error=Missing required parameter: body, stack=ConfigurationError: Missing required parameter: body
    at securityHasPrivileges (/usr/src/app/node_modules/@elastic/elasticsearch/api/api/security.has_privileges.js:40:19)
    at Object._lazyLoad [as hasPrivileges] (/usr/src/app/node_modules/@elastic/elasticsearch/api/index.js:573:12)
    at exports.list (/usr/src/app/lib/controllers/reporting/reporting.js:53:39)
    at dispatch (/usr/src/app/node_modules/koa-router/node_modules/koa-compose/index.js:44:32)
    at next (/usr/src/app/node_modules/koa-router/node_modules/koa-compose/index.js:45:18)
    at validator (/usr/src/app/node_modules/koa-joi-router/joi-router.js:407:38)
    at dispatch (/usr/src/app/node_modules/koa-router/node_modules/koa-compose/index.js:44:32)
    at next (/usr/src/app/node_modules/koa-router/node_modules/koa-compose/index.js:45:18)
    at noopMiddleware (/usr/src/app/node_modules/koa-joi-router/joi-router.js:267:16)
    at dispatch (/usr/src/app/node_modules/koa-router/node_modules/koa-compose/index.js:44:32)
2019-11-13T12:21:41.732Z [31merror[39m: url=/reporting/tasks, status=500, error=Missing required parameter: body, stack=ConfigurationError: Missing required parameter: body
    at securityHasPrivileges (/usr/src/app/node_modules/@elastic/elasticsearch/api/api/security.has_privileges.js:40:19)
    at Object._lazyLoad [as hasPrivileges] (/usr/src/app/node_modules/@elastic/elasticsearch/api/index.js:573:12)
    at exports.list (/usr/src/app/lib/controllers/reporting/reporting.js:53:39)
    at dispatch (/usr/src/app/node_modules/koa-router/node_modules/koa-compose/index.js:44:32)
    at next (/usr/src/app/node_modules/koa-router/node_modules/koa-compose/index.js:45:18)
    at validator (/usr/src/app/node_modules/koa-joi-router/joi-router.js:407:38)
    at dispatch (/usr/src/app/node_modules/koa-router/node_modules/koa-compose/index.js:44:32)
    at next (/usr/src/app/node_modules/koa-router/node_modules/koa-compose/index.js:45:18)
    at noopMiddleware (/usr/src/app/node_modules/koa-joi-router/joi-router.js:267:16)
    at dispatch (/usr/src/app/node_modules/koa-router/node_modules/koa-compose/index.js:44:32)
2019-11-13T12:22:01.761Z [31merror[39m: url=/reporting/tasks, status=500, error=parse_exception, stack=ResponseError: parse_exception
    at IncomingMessage.response.on (/usr/src/app/node_modules/@elastic/elasticsearch/lib/Transport.js:287:25)
    at IncomingMessage.emit (events.js:203:15)
    at endReadableNT (_stream_readable.js:1145:12)
    at process._tickCallback (internal/process/next_tick.js:63:19)
2019-11-13T12:22:02.931Z [31merror[39m: url=/reporting/tasks, status=500, error=parse_exception, stack=ResponseError: parse_exception
    at IncomingMessage.response.on (/usr/src/app/node_modules/@elastic/elasticsearch/lib/Transport.js:287:25)
    at IncomingMessage.emit (events.js:203:15)
    at endReadableNT (_stream_readable.js:1145:12)
    at process._tickCallback (internal/process/next_tick.js:63:19)
2019-11-13T12:23:08.342Z [31merror[39m: url=/reporting/tasks, status=500, error=parse_exception, stack=ResponseError: parse_exception
    at IncomingMessage.response.on (/usr/src/app/node_modules/@elastic/elasticsearch/lib/Transport.js:287:25)
    at IncomingMessage.emit (events.js:203:15)
    at endReadableNT (_stream_readable.js:1145:12)
    at process._tickCallback (internal/process/next_tick.js:63:19)
2019-11-13T12:23:17.806Z [31merror[39m: url=/reporting/tasks, status=500, error=parse_exception, stack=ResponseError: parse_exception
    at IncomingMessage.response.on (/usr/src/app/node_modules/@elastic/elasticsearch/lib/Transport.js:287:25)
    at IncomingMessage.emit (events.js:203:15)
    at endReadableNT (_stream_readable.js:1145:12)
    at process._tickCallback (internal/process/next_tick.js:63:19)
2019-11-13T12:23:19.167Z [31merror[39m: url=/reporting/tasks, status=500, error=parse_exception, stack=ResponseError: parse_exception
    at IncomingMessage.response.on (/usr/src/app/node_modules/@elastic/elasticsearch/lib/Transport.js:287:25)
    at IncomingMessage.emit (events.js:203:15)
    at endReadableNT (_stream_readable.js:1145:12)
    at process._tickCallback (internal/process/next_tick.js:63:19)
2019-11-13T12:25:35.067Z [31merror[39m: url=/reporting/tasks/aa, status=500, error=illegal_argument_exception, stack=ResponseError: illegal_argument_exception
    at IncomingMessage.response.on (/usr/src/app/node_modules/@elastic/elasticsearch/lib/Transport.js:287:25)
    at IncomingMessage.emit (events.js:203:15)
    at endReadableNT (_stream_readable.js:1145:12)
    at process._tickCallback (internal/process/next_tick.js:63:19)
2019-11-13T12:25:44.624Z [31merror[39m: url=/reporting/aa, status=500, error=illegal_argument_exception, stack=ResponseError: illegal_argument_exception
    at IncomingMessage.response.on (/usr/src/app/node_modules/@elastic/elasticsearch/lib/Transport.js:287:25)
    at IncomingMessage.emit (events.js:203:15)
    at endReadableNT (_stream_readable.js:1145:12)
    at process._tickCallback (internal/process/next_tick.js:63:19)
2019-11-13T12:25:54.017Z [31merror[39m: url=/reporting/aa, status=500, error=illegal_argument_exception, stack=ResponseError: illegal_argument_exception
    at IncomingMessage.response.on (/usr/src/app/node_modules/@elastic/elasticsearch/lib/Transport.js:287:25)
    at IncomingMessage.emit (events.js:203:15)
    at endReadableNT (_stream_readable.js:1145:12)
    at process._tickCallback (internal/process/next_tick.js:63:19)
2019-11-13T12:25:55.521Z [31merror[39m: url=/reporting/aa, status=500, error=illegal_argument_exception, stack=ResponseError: illegal_argument_exception
    at IncomingMessage.response.on (/usr/src/app/node_modules/@elastic/elasticsearch/lib/Transport.js:287:25)
    at IncomingMessage.emit (events.js:203:15)
    at endReadableNT (_stream_readable.js:1145:12)
    at process._tickCallback (internal/process/next_tick.js:63:19)
2019-11-13T12:59:08.415Z [31merror[39m: url=/reporting/tasks/?user=steven, status=404, error=You don't have permission to write .ezmesure-reporting, stack=ForbiddenError: You don't have permission to write .ezmesure-reporting
    at Object.throw (/usr/src/app/node_modules/koa/lib/context.js:97:11)
    at app.use (/usr/src/app/server.js:50:21)
    at process._tickCallback (internal/process/next_tick.js:68:7)
2019-11-13T13:03:19.064Z [31merror[39m: url=/reporting/tasks/?user=steven, status=500, error=elastic is not defined, stack=ReferenceError: elastic is not defined
    at hasPrivileges (/usr/src/app/lib/controllers/reporting/index.js:15:32)
    at dispatch (/usr/src/app/node_modules/koa-router/node_modules/koa-compose/index.js:44:32)
    at next (/usr/src/app/node_modules/koa-router/node_modules/koa-compose/index.js:45:18)
    at validator (/usr/src/app/node_modules/koa-joi-router/joi-router.js:407:38)
    at dispatch (/usr/src/app/node_modules/koa-router/node_modules/koa-compose/index.js:44:32)
    at next (/usr/src/app/node_modules/koa-router/node_modules/koa-compose/index.js:45:18)
    at noopMiddleware (/usr/src/app/node_modules/koa-joi-router/joi-router.js:267:16)
    at dispatch (/usr/src/app/node_modules/koa-router/node_modules/koa-compose/index.js:44:32)
    at next (/usr/src/app/node_modules/koa-router/node_modules/koa-compose/index.js:45:18)
    at specExposer (/usr/src/app/node_modules/koa-joi-router/joi-router.js:448:11)
2019-11-13T13:32:48.679Z [31merror[39m: url=/reporting/tasks/?user=steven, status=500, error=elastic is not defined, stack=ReferenceError: elastic is not defined
    at /usr/src/app/lib/controllers/reporting/index.js:16:34
    at dispatch (/usr/src/app/node_modules/koa-router/node_modules/koa-compose/index.js:44:32)
    at next (/usr/src/app/node_modules/koa-router/node_modules/koa-compose/index.js:45:18)
    at validator (/usr/src/app/node_modules/koa-joi-router/joi-router.js:407:38)
    at dispatch (/usr/src/app/node_modules/koa-router/node_modules/koa-compose/index.js:44:32)
    at next (/usr/src/app/node_modules/koa-router/node_modules/koa-compose/index.js:45:18)
    at noopMiddleware (/usr/src/app/node_modules/koa-joi-router/joi-router.js:267:16)
    at dispatch (/usr/src/app/node_modules/koa-router/node_modules/koa-compose/index.js:44:32)
    at next (/usr/src/app/node_modules/koa-router/node_modules/koa-compose/index.js:45:18)
    at specExposer (/usr/src/app/node_modules/koa-joi-router/joi-router.js:448:11)
2019-11-13T13:38:38.702Z [31merror[39m: url=/reporting/tasks/?user=steven, status=500, error=elastic is not defined, stack=ReferenceError: elastic is not defined
    at /usr/src/app/lib/controllers/reporting/index.js:16:34
    at dispatch (/usr/src/app/node_modules/koa-router/node_modules/koa-compose/index.js:44:32)
    at next (/usr/src/app/node_modules/koa-router/node_modules/koa-compose/index.js:45:18)
    at validator (/usr/src/app/node_modules/koa-joi-router/joi-router.js:407:38)
    at dispatch (/usr/src/app/node_modules/koa-router/node_modules/koa-compose/index.js:44:32)
    at next (/usr/src/app/node_modules/koa-router/node_modules/koa-compose/index.js:45:18)
    at noopMiddleware (/usr/src/app/node_modules/koa-joi-router/joi-router.js:267:16)
    at dispatch (/usr/src/app/node_modules/koa-router/node_modules/koa-compose/index.js:44:32)
    at next (/usr/src/app/node_modules/koa-router/node_modules/koa-compose/index.js:45:18)
    at specExposer (/usr/src/app/node_modules/koa-joi-router/joi-router.js:448:11)
2019-11-13T13:39:18.449Z [31merror[39m: url=/reporting/tasks/?user=steven, status=500, error=index is not defined, stack=ReferenceError: index is not defined
    at /usr/src/app/lib/controllers/reporting/index.js:21:27
    at dispatch (/usr/src/app/node_modules/koa-router/node_modules/koa-compose/index.js:44:32)
    at next (/usr/src/app/node_modules/koa-router/node_modules/koa-compose/index.js:45:18)
    at validator (/usr/src/app/node_modules/koa-joi-router/joi-router.js:407:38)
    at dispatch (/usr/src/app/node_modules/koa-router/node_modules/koa-compose/index.js:44:32)
    at next (/usr/src/app/node_modules/koa-router/node_modules/koa-compose/index.js:45:18)
    at noopMiddleware (/usr/src/app/node_modules/koa-joi-router/joi-router.js:267:16)
    at dispatch (/usr/src/app/node_modules/koa-router/node_modules/koa-compose/index.js:44:32)
    at next (/usr/src/app/node_modules/koa-router/node_modules/koa-compose/index.js:45:18)
    at specExposer (/usr/src/app/node_modules/koa-joi-router/joi-router.js:448:11)
2019-11-18T13:34:50.747Z [31merror[39m: url=/reporting/tasks, status=500, error=Invalid value "undefined" for header "es-security-runas-user", stack=TypeError [ERR_HTTP_INVALID_HEADER_VALUE]: Invalid value "undefined" for header "es-security-runas-user"
    at ClientRequest.setHeader (_http_outgoing.js:473:3)
    at new ClientRequest (_http_client.js:194:14)
    at Connection.request [as makeRequest] (http.js:42:10)
    at Connection.request (/usr/src/app/node_modules/@elastic/elasticsearch/lib/Connection.js:66:26)
    at makeRequest (/usr/src/app/node_modules/@elastic/elasticsearch/lib/Transport.js:179:30)
    at Transport.request (/usr/src/app/node_modules/@elastic/elasticsearch/lib/Transport.js:301:15)
    at Promise (/usr/src/app/node_modules/@elastic/elasticsearch/lib/Transport.js:75:14)
    at new Promise (<anonymous>)
    at Transport.request (/usr/src/app/node_modules/@elastic/elasticsearch/lib/Transport.js:74:14)
    at securityHasPrivileges (/usr/src/app/node_modules/@elastic/elasticsearch/api/api/security.has_privileges.js:78:12)
2019-11-18T14:04:10.057Z [31merror[39m: Cannot fetch tasks
2019-11-18T14:04:10.059Z [31merror[39m: Cannot fetch tasks
2019-11-18T14:04:10.061Z [31merror[39m: Cannot fetch tasks
2019-11-18T14:04:10.064Z [31merror[39m: Cannot fetch tasks
2019-11-18T14:04:10.066Z [31merror[39m: Cannot fetch tasks
2019-11-18T14:28:10.026Z [31merror[39m: Error on task : #R3Xpfm4BwP1-AMOnmhoz
2019-11-18T14:28:10.026Z [31merror[39m: Cannot read property 'meta' of undefined
2019-11-18T14:29:10.049Z [31merror[39m: Error on task : #R3Xpfm4BwP1-AMOnmhoz
2019-11-18T14:29:10.050Z [31merror[39m: Cannot read property 'meta' of undefined
2019-11-18T14:30:10.040Z [31merror[39m: Error on task : #R3Xpfm4BwP1-AMOnmhoz
2019-11-18T14:30:10.040Z [31merror[39m: Cannot read property 'meta' of undefined
2019-11-18T14:31:10.037Z [31merror[39m: Error on task : #R3Xpfm4BwP1-AMOnmhoz
2019-11-18T14:31:10.038Z [31merror[39m: Cannot read property 'meta' of undefined
2019-11-18T14:32:10.012Z [31merror[39m: Error on task : #R3Xpfm4BwP1-AMOnmhoz
2019-11-18T14:32:10.012Z [31merror[39m: Cannot read property 'meta' of undefined
2019-11-18T14:33:10.019Z [31merror[39m: Error on task : #R3Xpfm4BwP1-AMOnmhoz
2019-11-18T14:33:10.020Z [31merror[39m: Cannot read property 'meta' of undefined
2019-11-18T14:34:10.010Z [31merror[39m: Error on task : #R3Xpfm4BwP1-AMOnmhoz
2019-11-18T14:34:10.011Z [31merror[39m: Cannot read property 'meta' of undefined
2019-11-18T14:34:30.682Z [31merror[39m: url=/reporting/tasks, status=500, error=Invalid value "undefined" for header "es-security-runas-user", stack=TypeError [ERR_HTTP_INVALID_HEADER_VALUE]: Invalid value "undefined" for header "es-security-runas-user"
    at ClientRequest.setHeader (_http_outgoing.js:473:3)
    at new ClientRequest (_http_client.js:194:14)
    at Connection.request [as makeRequest] (http.js:42:10)
    at Connection.request (/usr/src/app/node_modules/@elastic/elasticsearch/lib/Connection.js:66:26)
    at makeRequest (/usr/src/app/node_modules/@elastic/elasticsearch/lib/Transport.js:179:30)
    at Transport.request (/usr/src/app/node_modules/@elastic/elasticsearch/lib/Transport.js:301:15)
    at Promise (/usr/src/app/node_modules/@elastic/elasticsearch/lib/Transport.js:75:14)
    at new Promise (<anonymous>)
    at Transport.request (/usr/src/app/node_modules/@elastic/elasticsearch/lib/Transport.js:74:14)
    at securityHasPrivileges (/usr/src/app/node_modules/@elastic/elasticsearch/api/api/security.has_privileges.js:78:12)
2019-11-18T14:35:10.018Z [31merror[39m: Error on task : #R3Xpfm4BwP1-AMOnmhoz
2019-11-18T14:35:10.018Z [31merror[39m: Cannot read property 'meta' of undefined
2019-11-18T14:36:10.011Z [31merror[39m: Error on task : #SHXwfm4BwP1-AMOnnBoB
2019-11-18T14:36:10.011Z [31merror[39m: Cannot read property 'meta' of undefined
2019-11-18T14:37:10.020Z [31merror[39m: Error on task : #SHXwfm4BwP1-AMOnnBoB
2019-11-18T14:37:10.020Z [31merror[39m: Cannot read property 'meta' of undefined
2019-11-18T14:38:10.074Z [31merror[39m: Error on task : #SHXwfm4BwP1-AMOnnBoB
2019-11-18T14:38:10.074Z [31merror[39m: Cannot read property 'meta' of undefined
2019-11-18T14:39:10.038Z [31merror[39m: Error on task : #SHXwfm4BwP1-AMOnnBoB
2019-11-18T14:39:10.038Z [31merror[39m: Cannot read property 'meta' of undefined
2019-11-18T14:40:10.028Z [31merror[39m: Error on task : #SHXwfm4BwP1-AMOnnBoB
2019-11-18T14:40:10.028Z [31merror[39m: Cannot read property 'meta' of undefined
2019-11-18T14:43:10.033Z [31merror[39m: Error on task : #SHXwfm4BwP1-AMOnnBoB
2019-11-18T14:43:10.033Z [31merror[39m: Cannot read property 'meta' of undefined
2019-11-18T14:45:10.058Z [31merror[39m: Error on task : #SHXwfm4BwP1-AMOnnBoB
2019-11-18T14:45:10.059Z [31merror[39m: Cannot read property 'meta' of undefined
2019-11-18T14:46:10.063Z [31merror[39m: Error on task : #SHXwfm4BwP1-AMOnnBoB
2019-11-18T14:46:10.063Z [31merror[39m: Cannot read property 'meta' of undefined
2019-11-18T14:47:10.056Z [31merror[39m: Error on task : #SHXwfm4BwP1-AMOnnBoB
2019-11-18T14:47:10.056Z [31merror[39m: Cannot read property 'meta' of undefined
2019-11-18T14:48:10.022Z [31merror[39m: Error on task : #SXX8fm4BwP1-AMOnERpH
2019-11-18T14:48:10.022Z [31merror[39m: Cannot read property 'meta' of undefined
2019-11-18T16:00:10.019Z [31merror[39m: Error on task : #SnU9f24BwP1-AMOnqxoT
2019-11-18T16:00:10.019Z [31merror[39m: Cannot read property 'meta' of undefined
2019-11-18T16:01:10.028Z [31merror[39m: Error on task : #SnU9f24BwP1-AMOnqxoT
2019-11-18T16:01:10.028Z [31merror[39m: Cannot read property 'meta' of undefined
2019-11-18T16:02:10.032Z [31merror[39m: Error on task : #SnU9f24BwP1-AMOnqxoT
2019-11-18T16:02:10.033Z [31merror[39m: Cannot read property 'meta' of undefined
2019-11-18T16:05:10.027Z [31merror[39m: Error on task : #SnU9f24BwP1-AMOnqxoT
2019-11-18T16:05:10.027Z [31merror[39m: Cannot read property 'meta' of undefined
2019-11-19T08:32:10.041Z [31merror[39m: Cannot fetch tasks
2019-11-19T08:32:10.043Z [31merror[39m: Cannot fetch tasks
2019-11-19T08:32:10.045Z [31merror[39m: Cannot fetch tasks
2019-11-19T08:32:10.046Z [31merror[39m: Cannot fetch tasks
2019-11-19T08:32:10.048Z [31merror[39m: Cannot fetch tasks
2019-11-19T08:34:13.503Z [31merror[39m: Error on task : #S3VCf24BwP1-AMOn7hrs
2019-11-19T08:34:13.504Z [31merror[39m: Navigation Timeout Exceeded: 30000ms exceeded
2019-11-19T08:34:40.541Z [31merror[39m: Error on task : #S3VCf24BwP1-AMOn7hrs
2019-11-19T08:34:40.541Z [31merror[39m: Navigation Timeout Exceeded: 30000ms exceeded
2019-11-19T08:35:43.300Z [31merror[39m: Error on task : #S3VCf24BwP1-AMOn7hrs
2019-11-19T08:35:43.300Z [31merror[39m: waiting for selector "form" failed: timeout 30000ms exceeded
2019-11-19T08:36:36.231Z [31merror[39m: Error on task : #S3VCf24BwP1-AMOn7hrs
2019-11-19T08:36:36.231Z [31merror[39m: Cannot create property 'Symbol(level)' on string 'Saving pdf file : tmp/S3VCf24BwP1-AMOn7hrs_auto_1574152596230.pdf'
2019-11-19T08:37:26.427Z [31merror[39m: Error on task : #S3VCf24BwP1-AMOn7hrs
2019-11-19T08:37:26.428Z [31merror[39m: Cannot create property 'Symbol(level)' on string 'Saving pdf file : tmp/S3VCf24BwP1-AMOn7hrs_auto_1574152646427.pdf'
2019-11-19T08:38:26.159Z [31merror[39m: Error on task : #S3VCf24BwP1-AMOn7hrs
2019-11-19T08:38:26.160Z [31merror[39m: Cannot create property 'Symbol(level)' on string 'Saving pdf file : tmp/S3VCf24BwP1-AMOn7hrs_auto_1574152706159.pdf'
2019-11-19T08:39:26.158Z [31merror[39m: Error on task : #S3VCf24BwP1-AMOn7hrs
2019-11-19T08:39:26.158Z [31merror[39m: Cannot create property 'Symbol(level)' on string 'Saving pdf file : tmp/S3VCf24BwP1-AMOn7hrs_auto_1574152766158.pdf'
2019-11-19T08:40:40.259Z [31merror[39m: Error on task : #S3VCf24BwP1-AMOn7hrs
2019-11-19T08:40:40.260Z [31merror[39m: Navigation Timeout Exceeded: 30000ms exceeded
2019-11-19T08:41:50.690Z [31merror[39m: Error on task : #S3VCf24BwP1-AMOn7hrs
2019-11-19T08:41:50.691Z [31merror[39m: waiting for selector "form" failed: timeout 30000ms exceeded
2019-11-19T08:42:43.880Z [31merror[39m: Error on task : #S3VCf24BwP1-AMOn7hrs
2019-11-19T08:42:43.880Z [31merror[39m: waiting for selector "form" failed: timeout 30000ms exceeded
2019-11-19T08:43:43.667Z [31merror[39m: Error on task : #S3VCf24BwP1-AMOn7hrs
2019-11-19T08:43:43.668Z [31merror[39m: waiting for selector "form" failed: timeout 30000ms exceeded
2019-11-19T08:44:44.205Z [31merror[39m: Error on task : #S3VCf24BwP1-AMOn7hrs
2019-11-19T08:44:44.205Z [31merror[39m: waiting for selector "form" failed: timeout 30000ms exceeded
2019-11-19T08:45:44.080Z [31merror[39m: Error on task : #S3VCf24BwP1-AMOn7hrs
2019-11-19T08:45:44.080Z [31merror[39m: waiting for selector "form" failed: timeout 30000ms exceeded
2019-11-19T08:46:47.167Z [31merror[39m: Error on task : #S3VCf24BwP1-AMOn7hrs
2019-11-19T08:46:47.168Z [31merror[39m: waiting for selector "form" failed: timeout 30000ms exceeded
2019-11-19T08:47:41.572Z [31merror[39m: Error on task : #S3VCf24BwP1-AMOn7hrs
2019-11-19T08:47:41.572Z [31merror[39m: waiting for selector "form" failed: timeout 30000ms exceeded
2019-11-19T08:48:41.402Z [31merror[39m: Error on task : #S3VCf24BwP1-AMOn7hrs
2019-11-19T08:48:41.402Z [31merror[39m: waiting for selector "form" failed: timeout 30000ms exceeded
2019-11-19T08:49:32.449Z [31merror[39m: Error on task : #S3VCf24BwP1-AMOn7hrs
2019-11-19T08:49:32.449Z [31merror[39m: Cannot create property 'Symbol(level)' on string 'Saving pdf file : tmp/S3VCf24BwP1-AMOn7hrs_auto_1574153372442.pdf'
2019-11-19T08:51:26.926Z [31merror[39m: Error on task : #-vzbgm4BCaWuWmaHjHAh
2019-11-19T08:51:26.926Z [31merror[39m: Cannot create property 'Symbol(level)' on string 'Saving pdf file : tmp/-vzbgm4BCaWuWmaHjHAh_auto_1574153486924.pdf'
2019-11-19T08:52:27.165Z [31merror[39m: Error on task : #-vzbgm4BCaWuWmaHjHAh
2019-11-19T08:52:27.165Z [31merror[39m: Cannot create property 'Symbol(level)' on string 'Saving pdf file : tmp/-vzbgm4BCaWuWmaHjHAh_auto_1574153547164.pdf'
2019-11-19T08:53:57.736Z [31merror[39m: Error on task : #-vzbgm4BCaWuWmaHjHAh
2019-11-19T08:53:57.736Z [31merror[39m: waiting for selector "form" failed: timeout 30000ms exceeded
2019-11-19T08:54:43.972Z [31merror[39m: Error on task : #-vzbgm4BCaWuWmaHjHAh
2019-11-19T08:54:43.972Z [31merror[39m: waiting for selector "form" failed: timeout 30000ms exceeded
2019-11-19T08:55:41.092Z [31merror[39m: Error on task : #-vzbgm4BCaWuWmaHjHAh
2019-11-19T08:55:41.092Z [31merror[39m: waiting for selector "form" failed: timeout 30000ms exceeded
2019-11-19T08:56:41.039Z [31merror[39m: Error on task : #-vzbgm4BCaWuWmaHjHAh
2019-11-19T08:56:41.040Z [31merror[39m: waiting for selector "form" failed: timeout 30000ms exceeded
